<?xml version="1.0" encoding="UTF-8"?>
<!-- Generated by org.testng.reporters.JUnitReportReporter -->
<testsuite skipped="0" hostname="Tugba-MBP.fios-router.home" name="com.qa.ispeakbetter.tests.LoginPageTest" tests="3" failures="0" timestamp="2020-08-14T22:42:38 EDT" time="7.304" errors="0">
  <testcase name="loginButtonTest" time="7.194" classname="com.qa.ispeakbetter.tests.LoginPageTest"/>
  <system-out/>
  <testcase name="errorMessageTest" time="0.070" classname="com.qa.ispeakbetter.tests.LoginPageTest"/>
  <system-out/>
  <testcase name="enableTest" time="0.040" classname="com.qa.ispeakbetter.tests.LoginPageTest"/>
  <system-out/>
</testsuite> <!-- com.qa.ispeakbetter.tests.LoginPageTest -->
